{"/Users/vitaliinamys/work/karmafixer/organizations/appsync-lambdas/src/libs/dataleyer/organizations/MySQLOrganizationRepository.ts": {"path":"/Users/vitaliinamys/work/karmafixer/organizations/appsync-lambdas/src/libs/dataleyer/organizations/MySQLOrganizationRepository.ts","all":false,"statementMap":{"0":{"start":{"line":1,"column":0},"end":{"line":1,"column":73}},"1":{"start":{"line":2,"column":0},"end":{"line":2,"column":57}},"2":{"start":{"line":3,"column":0},"end":{"line":3,"column":50}},"3":{"start":{"line":4,"column":0},"end":{"line":4,"column":0}},"4":{"start":{"line":5,"column":0},"end":{"line":5,"column":77}},"5":{"start":{"line":6,"column":0},"end":{"line":6,"column":37}},"6":{"start":{"line":7,"column":0},"end":{"line":7,"column":13}},"7":{"start":{"line":8,"column":0},"end":{"line":8,"column":33}},"8":{"start":{"line":9,"column":0},"end":{"line":9,"column":0}},"9":{"start":{"line":10,"column":0},"end":{"line":10,"column":17}},"10":{"start":{"line":11,"column":0},"end":{"line":11,"column":41}},"11":{"start":{"line":12,"column":0},"end":{"line":12,"column":31}},"12":{"start":{"line":13,"column":0},"end":{"line":13,"column":53}},"13":{"start":{"line":14,"column":0},"end":{"line":14,"column":48}},"14":{"start":{"line":15,"column":0},"end":{"line":15,"column":50}},"15":{"start":{"line":16,"column":0},"end":{"line":16,"column":17}},"16":{"start":{"line":17,"column":0},"end":{"line":17,"column":47}},"17":{"start":{"line":18,"column":0},"end":{"line":18,"column":7}},"18":{"start":{"line":19,"column":0},"end":{"line":19,"column":3}},"19":{"start":{"line":20,"column":0},"end":{"line":20,"column":0}},"20":{"start":{"line":21,"column":0},"end":{"line":21,"column":27}},"21":{"start":{"line":22,"column":0},"end":{"line":22,"column":27}},"22":{"start":{"line":23,"column":0},"end":{"line":23,"column":48}},"23":{"start":{"line":24,"column":0},"end":{"line":24,"column":5}},"24":{"start":{"line":25,"column":0},"end":{"line":25,"column":3}},"25":{"start":{"line":26,"column":0},"end":{"line":26,"column":0}},"26":{"start":{"line":27,"column":0},"end":{"line":27,"column":63}},"27":{"start":{"line":28,"column":0},"end":{"line":28,"column":9}},"28":{"start":{"line":29,"column":0},"end":{"line":29,"column":27}},"29":{"start":{"line":30,"column":0},"end":{"line":30,"column":0}},"30":{"start":{"line":31,"column":0},"end":{"line":31,"column":52}},"31":{"start":{"line":32,"column":0},"end":{"line":32,"column":16}},"32":{"start":{"line":33,"column":0},"end":{"line":33,"column":28}},"33":{"start":{"line":34,"column":0},"end":{"line":34,"column":45}},"34":{"start":{"line":35,"column":0},"end":{"line":35,"column":50}},"35":{"start":{"line":36,"column":0},"end":{"line":36,"column":9}},"36":{"start":{"line":37,"column":0},"end":{"line":37,"column":0}},"37":{"start":{"line":38,"column":0},"end":{"line":38,"column":28}},"38":{"start":{"line":39,"column":0},"end":{"line":39,"column":0}},"39":{"start":{"line":40,"column":0},"end":{"line":40,"column":28}},"40":{"start":{"line":41,"column":0},"end":{"line":41,"column":23}},"41":{"start":{"line":42,"column":0},"end":{"line":42,"column":14}},"42":{"start":{"line":43,"column":0},"end":{"line":43,"column":82}},"43":{"start":{"line":44,"column":0},"end":{"line":44,"column":0}},"44":{"start":{"line":45,"column":0},"end":{"line":45,"column":20}},"45":{"start":{"line":46,"column":0},"end":{"line":46,"column":7}},"46":{"start":{"line":47,"column":0},"end":{"line":47,"column":21}},"47":{"start":{"line":48,"column":0},"end":{"line":48,"column":101}},"48":{"start":{"line":49,"column":0},"end":{"line":49,"column":0}},"49":{"start":{"line":50,"column":0},"end":{"line":50,"column":18}},"50":{"start":{"line":51,"column":0},"end":{"line":51,"column":5}},"51":{"start":{"line":52,"column":0},"end":{"line":52,"column":0}},"52":{"start":{"line":53,"column":0},"end":{"line":53,"column":0}},"53":{"start":{"line":54,"column":0},"end":{"line":54,"column":3}},"54":{"start":{"line":55,"column":0},"end":{"line":55,"column":1}}},"s":{"0":1,"1":1,"2":1,"3":1,"4":1,"5":1,"6":1,"7":1,"8":1,"9":1,"10":3,"11":3,"12":3,"13":3,"14":3,"15":3,"16":3,"17":3,"18":3,"19":1,"20":1,"21":3,"22":3,"23":3,"24":3,"25":1,"26":1,"27":3,"28":3,"29":3,"30":3,"31":3,"32":3,"33":3,"34":3,"35":3,"36":2,"37":2,"38":2,"39":3,"40":1,"41":1,"42":1,"43":1,"44":1,"45":1,"46":3,"47":1,"48":1,"49":1,"50":1,"51":3,"52":3,"53":3,"54":1},"branchMap":{"0":{"type":"branch","line":10,"loc":{"start":{"line":10,"column":2},"end":{"line":19,"column":3}},"locations":[{"start":{"line":10,"column":2},"end":{"line":19,"column":3}}]},"1":{"type":"branch","line":21,"loc":{"start":{"line":21,"column":10},"end":{"line":25,"column":3}},"locations":[{"start":{"line":21,"column":10},"end":{"line":25,"column":3}}]},"2":{"type":"branch","line":27,"loc":{"start":{"line":27,"column":2},"end":{"line":54,"column":3}},"locations":[{"start":{"line":27,"column":2},"end":{"line":54,"column":3}}]},"3":{"type":"branch","line":37,"loc":{"start":{"line":37,"column":-1},"end":{"line":40,"column":27}},"locations":[{"start":{"line":37,"column":-1},"end":{"line":40,"column":27}}]},"4":{"type":"branch","line":40,"loc":{"start":{"line":40,"column":27},"end":{"line":46,"column":7}},"locations":[{"start":{"line":40,"column":27},"end":{"line":46,"column":7}}]},"5":{"type":"branch","line":47,"loc":{"start":{"line":47,"column":6},"end":{"line":51,"column":5}},"locations":[{"start":{"line":47,"column":6},"end":{"line":51,"column":5}}]}},"b":{"0":[3],"1":[3],"2":[3],"3":[2],"4":[1],"5":[1]},"fnMap":{"0":{"name":"MySQLOrganizationRepository","decl":{"start":{"line":10,"column":2},"end":{"line":19,"column":3}},"loc":{"start":{"line":10,"column":2},"end":{"line":19,"column":3}},"line":10},"1":{"name":"connect","decl":{"start":{"line":21,"column":10},"end":{"line":25,"column":3}},"loc":{"start":{"line":21,"column":10},"end":{"line":25,"column":3}},"line":21},"2":{"name":"getOrganizationByIntegrationID","decl":{"start":{"line":27,"column":2},"end":{"line":54,"column":3}},"loc":{"start":{"line":27,"column":2},"end":{"line":54,"column":3}},"line":27}},"f":{"0":3,"1":3,"2":3}}
}
