TN:
SF:src/libs/dataleyer/organizations/MySQLOrganizationRepository.ts
FN:10,MySQLOrganizationRepository
FN:21,connect
FN:27,getOrganizationByIntegrationID
FNF:3
FNH:3
FNDA:3,MySQLOrganizationRepository
FNDA:3,connect
FNDA:3,getOrganizationByIntegrationID
DA:1,1
DA:2,1
DA:3,1
DA:4,1
DA:5,1
DA:6,1
DA:7,1
DA:8,1
DA:9,1
DA:10,1
DA:11,3
DA:12,3
DA:13,3
DA:14,3
DA:15,3
DA:16,3
DA:17,3
DA:18,3
DA:19,3
DA:20,1
DA:21,1
DA:22,3
DA:23,3
DA:24,3
DA:25,3
DA:26,1
DA:27,1
DA:28,3
DA:29,3
DA:30,3
DA:31,3
DA:32,3
DA:33,3
DA:34,3
DA:35,3
DA:36,3
DA:37,2
DA:38,2
DA:39,2
DA:40,3
DA:41,1
DA:42,1
DA:43,1
DA:44,1
DA:45,1
DA:46,1
DA:47,3
DA:48,1
DA:49,1
DA:50,1
DA:51,1
DA:52,3
DA:53,3
DA:54,3
DA:55,1
LF:55
LH:55
BRDA:10,0,0,3
BRDA:21,1,0,3
BRDA:27,2,0,3
BRDA:37,3,0,2
BRDA:40,4,0,1
BRDA:47,5,0,1
BRF:6
BRH:6
end_of_record
